<?xml version="1.0" encoding="UTF-8"?>
<testsuite xmlns:xsi="http://www.w3.org/2001/XMLSchema-instance" xsi:noNamespaceSchemaLocation="https://maven.apache.org/surefire/maven-surefire-plugin/xsd/surefire-test-report.xsd" name="my.demo.springboot.microservice.todo.TodoFeignApplicationTest" time="21.096" tests="2" errors="0" skipped="0" failures="0">
  <properties>
    <property name="sun.desktop" value="windows"/>
    <property name="awt.toolkit" value="sun.awt.windows.WToolkit"/>
    <property name="file.encoding.pkg" value="sun.io"/>
    <property name="java.specification.version" value="1.8"/>
    <property name="sun.cpu.isalist" value="amd64"/>
    <property name="sun.jnu.encoding" value="Cp1252"/>
    <property name="java.class.path" value="C:\Zavrsni\spring-boot-microservice-demo\todo-service\target\test-classes;C:\Zavrsni\spring-boot-microservice-demo\todo-service\target\classes;C:\Users\nedimd\.m2\repository\org\springframework\boot\spring-boot-starter-web\2.0.2.RELEASE\spring-boot-starter-web-2.0.2.RELEASE.jar;C:\Users\nedimd\.m2\repository\org\springframework\boot\spring-boot-starter\2.0.2.RELEASE\spring-boot-starter-2.0.2.RELEASE.jar;C:\Users\nedimd\.m2\repository\org\springframework\boot\spring-boot-starter-logging\2.0.2.RELEASE\spring-boot-starter-logging-2.0.2.RELEASE.jar;C:\Users\nedimd\.m2\repository\org\apache\logging\log4j\log4j-to-slf4j\2.10.0\log4j-to-slf4j-2.10.0.jar;C:\Users\nedimd\.m2\repository\org\apache\logging\log4j\log4j-api\2.10.0\log4j-api-2.10.0.jar;C:\Users\nedimd\.m2\repository\org\slf4j\jul-to-slf4j\1.7.25\jul-to-slf4j-1.7.25.jar;C:\Users\nedimd\.m2\repository\javax\annotation\javax.annotation-api\1.3.2\javax.annotation-api-1.3.2.jar;C:\Users\nedimd\.m2\repository\org\yaml\snakeyaml\1.19\snakeyaml-1.19.jar;C:\Users\nedimd\.m2\repository\org\springframework\boot\spring-boot-starter-json\2.0.2.RELEASE\spring-boot-starter-json-2.0.2.RELEASE.jar;C:\Users\nedimd\.m2\repository\com\fasterxml\jackson\datatype\jackson-datatype-jdk8\2.9.3\jackson-datatype-jdk8-2.9.3.jar;C:\Users\nedimd\.m2\repository\com\fasterxml\jackson\datatype\jackson-datatype-jsr310\2.9.3\jackson-datatype-jsr310-2.9.3.jar;C:\Users\nedimd\.m2\repository\com\fasterxml\jackson\module\jackson-module-parameter-names\2.9.3\jackson-module-parameter-names-2.9.3.jar;C:\Users\nedimd\.m2\repository\org\springframework\boot\spring-boot-starter-tomcat\2.0.2.RELEASE\spring-boot-starter-tomcat-2.0.2.RELEASE.jar;C:\Users\nedimd\.m2\repository\org\apache\tomcat\embed\tomcat-embed-core\8.5.31\tomcat-embed-core-8.5.31.jar;C:\Users\nedimd\.m2\repository\org\apache\tomcat\embed\tomcat-embed-el\8.5.31\tomcat-embed-el-8.5.31.jar;C:\Users\nedimd\.m2\repository\org\apache\tomcat\embed\tomcat-embed-websocket\8.5.31\tomcat-embed-websocket-8.5.31.jar;C:\Users\nedimd\.m2\repository\org\hibernate\validator\hibernate-validator\6.0.9.Final\hibernate-validator-6.0.9.Final.jar;C:\Users\nedimd\.m2\repository\javax\validation\validation-api\2.0.1.Final\validation-api-2.0.1.Final.jar;C:\Users\nedimd\.m2\repository\org\jboss\logging\jboss-logging\3.3.2.Final\jboss-logging-3.3.2.Final.jar;C:\Users\nedimd\.m2\repository\com\fasterxml\classmate\1.3.4\classmate-1.3.4.jar;C:\Users\nedimd\.m2\repository\org\springframework\spring-web\5.0.6.RELEASE\spring-web-5.0.6.RELEASE.jar;C:\Users\nedimd\.m2\repository\org\springframework\spring-beans\5.0.6.RELEASE\spring-beans-5.0.6.RELEASE.jar;C:\Users\nedimd\.m2\repository\org\springframework\spring-webmvc\5.0.6.RELEASE\spring-webmvc-5.0.6.RELEASE.jar;C:\Users\nedimd\.m2\repository\org\springframework\spring-aop\5.0.6.RELEASE\spring-aop-5.0.6.RELEASE.jar;C:\Users\nedimd\.m2\repository\org\springframework\spring-context\5.0.6.RELEASE\spring-context-5.0.6.RELEASE.jar;C:\Users\nedimd\.m2\repository\org\springframework\spring-expression\5.0.6.RELEASE\spring-expression-5.0.6.RELEASE.jar;C:\Users\nedimd\.m2\repository\org\springframework\cloud\spring-cloud-starter-netflix-eureka-client\2.0.0.RC2\spring-cloud-starter-netflix-eureka-client-2.0.0.RC2.jar;C:\Users\nedimd\.m2\repository\org\springframework\cloud\spring-cloud-starter\2.0.0.RC2\spring-cloud-starter-2.0.0.RC2.jar;C:\Users\nedimd\.m2\repository\org\springframework\cloud\spring-cloud-context\2.0.0.RC2\spring-cloud-context-2.0.0.RC2.jar;C:\Users\nedimd\.m2\repository\org\springframework\security\spring-security-rsa\1.0.5.RELEASE\spring-security-rsa-1.0.5.RELEASE.jar;C:\Users\nedimd\.m2\repository\org\bouncycastle\bcpkix-jdk15on\1.56\bcpkix-jdk15on-1.56.jar;C:\Users\nedimd\.m2\repository\org\bouncycastle\bcprov-jdk15on\1.56\bcprov-jdk15on-1.56.jar;C:\Users\nedimd\.m2\repository\org\springframework\cloud\spring-cloud-netflix-core\2.0.0.RC2\spring-cloud-netflix-core-2.0.0.RC2.jar;C:\Users\nedimd\.m2\repository\org\springframework\cloud\spring-cloud-netflix-eureka-client\2.0.0.RC2\spring-cloud-netflix-eureka-client-2.0.0.RC2.jar;C:\Users\nedimd\.m2\repository\com\netflix\eureka\eureka-client\1.9.0\eureka-client-1.9.0.jar;C:\Users\nedimd\.m2\repository\org\codehaus\jettison\jettison\1.3.7\jettison-1.3.7.jar;C:\Users\nedimd\.m2\repository\stax\stax-api\1.0.1\stax-api-1.0.1.jar;C:\Users\nedimd\.m2\repository\com\netflix\netflix-commons\netflix-eventbus\0.3.0\netflix-eventbus-0.3.0.jar;C:\Users\nedimd\.m2\repository\com\netflix\netflix-commons\netflix-infix\0.3.0\netflix-infix-0.3.0.jar;C:\Users\nedimd\.m2\repository\commons-jxpath\commons-jxpath\1.3\commons-jxpath-1.3.jar;C:\Users\nedimd\.m2\repository\joda-time\joda-time\2.9.9\joda-time-2.9.9.jar;C:\Users\nedimd\.m2\repository\org\antlr\antlr-runtime\3.4\antlr-runtime-3.4.jar;C:\Users\nedimd\.m2\repository\org\antlr\stringtemplate\3.2.1\stringtemplate-3.2.1.jar;C:\Users\nedimd\.m2\repository\antlr\antlr\2.7.7\antlr-2.7.7.jar;C:\Users\nedimd\.m2\repository\com\google\code\gson\gson\2.8.4\gson-2.8.4.jar;C:\Users\nedimd\.m2\repository\org\apache\commons\commons-math\2.2\commons-math-2.2.jar;C:\Users\nedimd\.m2\repository\com\netflix\archaius\archaius-core\0.7.6\archaius-core-0.7.6.jar;C:\Users\nedimd\.m2\repository\javax\ws\rs\jsr311-api\1.1.1\jsr311-api-1.1.1.jar;C:\Users\nedimd\.m2\repository\com\netflix\servo\servo-core\0.12.21\servo-core-0.12.21.jar;C:\Users\nedimd\.m2\repository\com\sun\jersey\jersey-core\1.19.1\jersey-core-1.19.1.jar;C:\Users\nedimd\.m2\repository\com\sun\jersey\jersey-client\1.19.1\jersey-client-1.19.1.jar;C:\Users\nedimd\.m2\repository\com\sun\jersey\contribs\jersey-apache-client4\1.19.1\jersey-apache-client4-1.19.1.jar;C:\Users\nedimd\.m2\repository\org\apache\httpcomponents\httpclient\4.5.5\httpclient-4.5.5.jar;C:\Users\nedimd\.m2\repository\org\apache\httpcomponents\httpcore\4.4.9\httpcore-4.4.9.jar;C:\Users\nedimd\.m2\repository\commons-codec\commons-codec\1.11\commons-codec-1.11.jar;C:\Users\nedimd\.m2\repository\com\google\inject\guice\4.1.0\guice-4.1.0.jar;C:\Users\nedimd\.m2\repository\javax\inject\javax.inject\1\javax.inject-1.jar;C:\Users\nedimd\.m2\repository\aopalliance\aopalliance\1.0\aopalliance-1.0.jar;C:\Users\nedimd\.m2\repository\com\github\vlsi\compactmap\compactmap\1.2.1\compactmap-1.2.1.jar;C:\Users\nedimd\.m2\repository\com\github\andrewoma\dexx\dexx-collections\0.2\dexx-collections-0.2.jar;C:\Users\nedimd\.m2\repository\com\netflix\eureka\eureka-core\1.9.0\eureka-core-1.9.0.jar;C:\Users\nedimd\.m2\repository\org\codehaus\woodstox\woodstox-core-asl\4.4.1\woodstox-core-asl-4.4.1.jar;C:\Users\nedimd\.m2\repository\javax\xml\stream\stax-api\1.0-2\stax-api-1.0-2.jar;C:\Users\nedimd\.m2\repository\org\codehaus\woodstox\stax2-api\3.1.4\stax2-api-3.1.4.jar;C:\Users\nedimd\.m2\repository\org\springframework\cloud\spring-cloud-starter-netflix-archaius\2.0.0.RC2\spring-cloud-starter-netflix-archaius-2.0.0.RC2.jar;C:\Users\nedimd\.m2\repository\org\springframework\cloud\spring-cloud-netflix-archaius\2.0.0.RC2\spring-cloud-netflix-archaius-2.0.0.RC2.jar;C:\Users\nedimd\.m2\repository\commons-configuration\commons-configuration\1.8\commons-configuration-1.8.jar;C:\Users\nedimd\.m2\repository\commons-lang\commons-lang\2.6\commons-lang-2.6.jar;C:\Users\nedimd\.m2\repository\org\springframework\cloud\spring-cloud-starter-netflix-ribbon\2.0.0.RC2\spring-cloud-starter-netflix-ribbon-2.0.0.RC2.jar;C:\Users\nedimd\.m2\repository\com\netflix\ribbon\ribbon\2.2.5\ribbon-2.2.5.jar;C:\Users\nedimd\.m2\repository\com\netflix\ribbon\ribbon-transport\2.2.5\ribbon-transport-2.2.5.jar;C:\Users\nedimd\.m2\repository\io\reactivex\rxnetty-contexts\0.4.9\rxnetty-contexts-0.4.9.jar;C:\Users\nedimd\.m2\repository\io\reactivex\rxnetty-servo\0.4.9\rxnetty-servo-0.4.9.jar;C:\Users\nedimd\.m2\repository\io\reactivex\rxnetty\0.4.9\rxnetty-0.4.9.jar;C:\Users\nedimd\.m2\repository\io\netty\netty-codec-http\4.1.24.Final\netty-codec-http-4.1.24.Final.jar;C:\Users\nedimd\.m2\repository\io\netty\netty-codec\4.1.24.Final\netty-codec-4.1.24.Final.jar;C:\Users\nedimd\.m2\repository\io\netty\netty-transport-native-epoll\4.1.24.Final\netty-transport-native-epoll-4.1.24.Final.jar;C:\Users\nedimd\.m2\repository\io\netty\netty-common\4.1.24.Final\netty-common-4.1.24.Final.jar;C:\Users\nedimd\.m2\repository\io\netty\netty-buffer\4.1.24.Final\netty-buffer-4.1.24.Final.jar;C:\Users\nedimd\.m2\repository\io\netty\netty-transport-native-unix-common\4.1.24.Final\netty-transport-native-unix-common-4.1.24.Final.jar;C:\Users\nedimd\.m2\repository\io\netty\netty-transport\4.1.24.Final\netty-transport-4.1.24.Final.jar;C:\Users\nedimd\.m2\repository\io\netty\netty-resolver\4.1.24.Final\netty-resolver-4.1.24.Final.jar;C:\Users\nedimd\.m2\repository\com\netflix\ribbon\ribbon-core\2.2.5\ribbon-core-2.2.5.jar;C:\Users\nedimd\.m2\repository\com\netflix\ribbon\ribbon-httpclient\2.2.5\ribbon-httpclient-2.2.5.jar;C:\Users\nedimd\.m2\repository\commons-collections\commons-collections\3.2.2\commons-collections-3.2.2.jar;C:\Users\nedimd\.m2\repository\com\netflix\netflix-commons\netflix-commons-util\0.3.0\netflix-commons-util-0.3.0.jar;C:\Users\nedimd\.m2\repository\com\netflix\ribbon\ribbon-loadbalancer\2.2.5\ribbon-loadbalancer-2.2.5.jar;C:\Users\nedimd\.m2\repository\com\netflix\netflix-commons\netflix-statistics\0.1.1\netflix-statistics-0.1.1.jar;C:\Users\nedimd\.m2\repository\io\reactivex\rxjava\1.3.8\rxjava-1.3.8.jar;C:\Users\nedimd\.m2\repository\com\netflix\ribbon\ribbon-eureka\2.2.5\ribbon-eureka-2.2.5.jar;C:\Users\nedimd\.m2\repository\com\thoughtworks\xstream\xstream\1.4.10\xstream-1.4.10.jar;C:\Users\nedimd\.m2\repository\xmlpull\xmlpull\1.1.3.1\xmlpull-1.1.3.1.jar;C:\Users\nedimd\.m2\repository\xpp3\xpp3_min\1.1.4c\xpp3_min-1.1.4c.jar;C:\Users\nedimd\.m2\repository\org\springframework\cloud\spring-cloud-starter-openfeign\2.0.0.RC2\spring-cloud-starter-openfeign-2.0.0.RC2.jar;C:\Users\nedimd\.m2\repository\org\springframework\cloud\spring-cloud-openfeign-core\2.0.0.RC2\spring-cloud-openfeign-core-2.0.0.RC2.jar;C:\Users\nedimd\.m2\repository\org\springframework\cloud\spring-cloud-commons\2.0.0.RC2\spring-cloud-commons-2.0.0.RC2.jar;C:\Users\nedimd\.m2\repository\org\springframework\security\spring-security-crypto\5.0.5.RELEASE\spring-security-crypto-5.0.5.RELEASE.jar;C:\Users\nedimd\.m2\repository\io\github\openfeign\feign-core\9.5.1\feign-core-9.5.1.jar;C:\Users\nedimd\.m2\repository\io\github\openfeign\feign-slf4j\9.5.1\feign-slf4j-9.5.1.jar;C:\Users\nedimd\.m2\repository\io\github\openfeign\feign-hystrix\9.5.1\feign-hystrix-9.5.1.jar;C:\Users\nedimd\.m2\repository\io\github\openfeign\feign-java8\9.5.1\feign-java8-9.5.1.jar;C:\Users\nedimd\.m2\repository\org\springframework\cloud\spring-cloud-starter-netflix-hystrix\2.0.0.RC2\spring-cloud-starter-netflix-hystrix-2.0.0.RC2.jar;C:\Users\nedimd\.m2\repository\org\springframework\cloud\spring-cloud-netflix-ribbon\2.0.0.RC2\spring-cloud-netflix-ribbon-2.0.0.RC2.jar;C:\Users\nedimd\.m2\repository\com\netflix\hystrix\hystrix-core\1.5.12\hystrix-core-1.5.12.jar;C:\Users\nedimd\.m2\repository\org\hdrhistogram\HdrHistogram\2.1.9\HdrHistogram-2.1.9.jar;C:\Users\nedimd\.m2\repository\com\netflix\hystrix\hystrix-serialization\1.5.12\hystrix-serialization-1.5.12.jar;C:\Users\nedimd\.m2\repository\com\fasterxml\jackson\module\jackson-module-afterburner\2.9.3\jackson-module-afterburner-2.9.3.jar;C:\Users\nedimd\.m2\repository\com\netflix\hystrix\hystrix-metrics-event-stream\1.5.12\hystrix-metrics-event-stream-1.5.12.jar;C:\Users\nedimd\.m2\repository\com\netflix\hystrix\hystrix-javanica\1.5.12\hystrix-javanica-1.5.12.jar;C:\Users\nedimd\.m2\repository\org\apache\commons\commons-lang3\3.7\commons-lang3-3.7.jar;C:\Users\nedimd\.m2\repository\org\ow2\asm\asm\5.0.4\asm-5.0.4.jar;C:\Users\nedimd\.m2\repository\org\aspectj\aspectjweaver\1.8.13\aspectjweaver-1.8.13.jar;C:\Users\nedimd\.m2\repository\com\google\guava\guava\15.0\guava-15.0.jar;C:\Users\nedimd\.m2\repository\io\reactivex\rxjava-reactive-streams\1.2.1\rxjava-reactive-streams-1.2.1.jar;C:\Users\nedimd\.m2\repository\org\reactivestreams\reactive-streams\1.0.2\reactive-streams-1.0.2.jar;C:\Users\nedimd\.m2\repository\org\springframework\cloud\spring-cloud-starter-sleuth\2.0.0.RC2\spring-cloud-starter-sleuth-2.0.0.RC2.jar;C:\Users\nedimd\.m2\repository\org\springframework\boot\spring-boot-starter-aop\2.0.2.RELEASE\spring-boot-starter-aop-2.0.2.RELEASE.jar;C:\Users\nedimd\.m2\repository\org\springframework\cloud\spring-cloud-sleuth-core\2.0.0.RC2\spring-cloud-sleuth-core-2.0.0.RC2.jar;C:\Users\nedimd\.m2\repository\org\aspectj\aspectjrt\1.8.13\aspectjrt-1.8.13.jar;C:\Users\nedimd\.m2\repository\io\zipkin\brave\brave\5.0.0\brave-5.0.0.jar;C:\Users\nedimd\.m2\repository\io\zipkin\zipkin2\zipkin\2.8.4\zipkin-2.8.4.jar;C:\Users\nedimd\.m2\repository\io\zipkin\reporter2\zipkin-reporter\2.6.1\zipkin-reporter-2.6.1.jar;C:\Users\nedimd\.m2\repository\io\zipkin\brave\brave-context-log4j2\5.0.0\brave-context-log4j2-5.0.0.jar;C:\Users\nedimd\.m2\repository\io\zipkin\brave\brave-instrumentation-spring-web\5.0.0\brave-instrumentation-spring-web-5.0.0.jar;C:\Users\nedimd\.m2\repository\io\zipkin\brave\brave-instrumentation-http\5.0.0\brave-instrumentation-http-5.0.0.jar;C:\Users\nedimd\.m2\repository\io\zipkin\brave\brave-instrumentation-spring-rabbit\5.0.0\brave-instrumentation-spring-rabbit-5.0.0.jar;C:\Users\nedimd\.m2\repository\io\zipkin\brave\brave-instrumentation-kafka-clients\5.0.0\brave-instrumentation-kafka-clients-5.0.0.jar;C:\Users\nedimd\.m2\repository\io\zipkin\brave\brave-instrumentation-httpclient\5.0.0\brave-instrumentation-httpclient-5.0.0.jar;C:\Users\nedimd\.m2\repository\io\zipkin\brave\brave-instrumentation-httpasyncclient\5.0.0\brave-instrumentation-httpasyncclient-5.0.0.jar;C:\Users\nedimd\.m2\repository\io\zipkin\brave\brave-instrumentation-spring-webmvc\5.0.0\brave-instrumentation-spring-webmvc-5.0.0.jar;C:\Users\nedimd\.m2\repository\io\zipkin\brave\brave-instrumentation-servlet\5.0.0\brave-instrumentation-servlet-5.0.0.jar;C:\Users\nedimd\.m2\repository\org\springframework\cloud\spring-cloud-starter-netflix-hystrix-dashboard\2.0.0.RC2\spring-cloud-starter-netflix-hystrix-dashboard-2.0.0.RC2.jar;C:\Users\nedimd\.m2\repository\org\springframework\cloud\spring-cloud-netflix-hystrix-dashboard\2.0.0.RC2\spring-cloud-netflix-hystrix-dashboard-2.0.0.RC2.jar;C:\Users\nedimd\.m2\repository\org\springframework\boot\spring-boot-starter-freemarker\2.0.2.RELEASE\spring-boot-starter-freemarker-2.0.2.RELEASE.jar;C:\Users\nedimd\.m2\repository\org\freemarker\freemarker\2.3.28\freemarker-2.3.28.jar;C:\Users\nedimd\.m2\repository\org\springframework\spring-context-support\5.0.6.RELEASE\spring-context-support-5.0.6.RELEASE.jar;C:\Users\nedimd\.m2\repository\org\webjars\jquery\2.1.1\jquery-2.1.1.jar;C:\Users\nedimd\.m2\repository\org\webjars\d3js\3.4.11\d3js-3.4.11.jar;C:\Users\nedimd\.m2\repository\org\springframework\cloud\spring-cloud-starter-contract-stub-runner\2.0.0.RC2\spring-cloud-starter-contract-stub-runner-2.0.0.RC2.jar;C:\Users\nedimd\.m2\repository\org\springframework\cloud\spring-cloud-contract-stub-runner\2.0.0.RC2\spring-cloud-contract-stub-runner-2.0.0.RC2.jar;C:\Users\nedimd\.m2\repository\org\springframework\cloud\spring-cloud-contract-verifier\2.0.0.RC2\spring-cloud-contract-verifier-2.0.0.RC2.jar;C:\Users\nedimd\.m2\repository\com\toomuchcoding\jsonassert\jsonassert\0.4.12\jsonassert-0.4.12.jar;C:\Users\nedimd\.m2\repository\org\codehaus\groovy\groovy\2.4.15\groovy-2.4.15.jar;C:\Users\nedimd\.m2\repository\org\codehaus\groovy\groovy-nio\2.4.15\groovy-nio-2.4.15.jar;C:\Users\nedimd\.m2\repository\org\codehaus\groovy\groovy-json\2.4.15\groovy-json-2.4.15.jar;C:\Users\nedimd\.m2\repository\org\codehaus\groovy\groovy-xml\2.4.15\groovy-xml-2.4.15.jar;C:\Users\nedimd\.m2\repository\com\github\jknack\handlebars\4.0.6\handlebars-4.0.6.jar;C:\Users\nedimd\.m2\repository\org\antlr\antlr4-runtime\4.5.1-1\antlr4-runtime-4.5.1-1.jar;C:\Users\nedimd\.m2\repository\org\mozilla\rhino\1.7R4\rhino-1.7R4.jar;C:\Users\nedimd\.m2\repository\commons-beanutils\commons-beanutils\1.9.3\commons-beanutils-1.9.3.jar;C:\Users\nedimd\.m2\repository\commons-logging\commons-logging\1.2\commons-logging-1.2.jar;C:\Users\nedimd\.m2\repository\org\springframework\cloud\spring-cloud-contract-shade\2.0.0.RC2\spring-cloud-contract-shade-2.0.0.RC2.jar;C:\Users\nedimd\.m2\repository\org\springframework\cloud\spring-cloud-contract-spec\2.0.0.RC2\spring-cloud-contract-spec-2.0.0.RC2.jar;C:\Users\nedimd\.m2\repository\dk\brics\automaton\automaton\1.11-8\automaton-1.11-8.jar;C:\Users\nedimd\.m2\repository\org\apache\commons\commons-text\1.1\commons-text-1.1.jar;C:\Users\nedimd\.m2\repository\org\eclipse\jgit\org.eclipse.jgit\4.11.0.201803080745-r\org.eclipse.jgit-4.11.0.201803080745-r.jar;C:\Users\nedimd\.m2\repository\com\jcraft\jsch\0.1.54\jsch-0.1.54.jar;C:\Users\nedimd\.m2\repository\com\jcraft\jzlib\1.1.1\jzlib-1.1.1.jar;C:\Users\nedimd\.m2\repository\com\googlecode\javaewah\JavaEWAH\1.1.6\JavaEWAH-1.1.6.jar;C:\Users\nedimd\.m2\repository\com\jcraft\jsch.agentproxy.sshagent\0.0.9\jsch.agentproxy.sshagent-0.0.9.jar;C:\Users\nedimd\.m2\repository\com\jcraft\jsch.agentproxy.core\0.0.9\jsch.agentproxy.core-0.0.9.jar;C:\Users\nedimd\.m2\repository\com\jcraft\jsch.agentproxy.jsch\0.0.9\jsch.agentproxy.jsch-0.0.9.jar;C:\Users\nedimd\.m2\repository\com\jcraft\jsch.agentproxy.usocket-jna\0.0.9\jsch.agentproxy.usocket-jna-0.0.9.jar;C:\Users\nedimd\.m2\repository\net\java\dev\jna\jna\4.5.1\jna-4.5.1.jar;C:\Users\nedimd\.m2\repository\net\java\dev\jna\jna-platform\4.5.1\jna-platform-4.5.1.jar;C:\Users\nedimd\.m2\repository\org\springframework\cloud\spring-cloud-stream-test-support\2.0.0.RELEASE\spring-cloud-stream-test-support-2.0.0.RELEASE.jar;C:\Users\nedimd\.m2\repository\org\springframework\cloud\spring-cloud-stream\2.0.0.RELEASE\spring-cloud-stream-2.0.0.RELEASE.jar;C:\Users\nedimd\.m2\repository\org\springframework\boot\spring-boot-starter-validation\2.0.2.RELEASE\spring-boot-starter-validation-2.0.2.RELEASE.jar;C:\Users\nedimd\.m2\repository\org\springframework\spring-messaging\5.0.6.RELEASE\spring-messaging-5.0.6.RELEASE.jar;C:\Users\nedimd\.m2\repository\org\springframework\integration\spring-integration-core\5.0.5.RELEASE\spring-integration-core-5.0.5.RELEASE.jar;C:\Users\nedimd\.m2\repository\org\springframework\spring-tx\5.0.6.RELEASE\spring-tx-5.0.6.RELEASE.jar;C:\Users\nedimd\.m2\repository\io\projectreactor\reactor-core\3.1.7.RELEASE\reactor-core-3.1.7.RELEASE.jar;C:\Users\nedimd\.m2\repository\org\springframework\integration\spring-integration-jmx\5.0.5.RELEASE\spring-integration-jmx-5.0.5.RELEASE.jar;C:\Users\nedimd\.m2\repository\org\springframework\spring-tuple\1.0.0.RELEASE\spring-tuple-1.0.0.RELEASE.jar;C:\Users\nedimd\.m2\repository\com\esotericsoftware\kryo-shaded\3.0.3\kryo-shaded-3.0.3.jar;C:\Users\nedimd\.m2\repository\com\esotericsoftware\minlog\1.3.0\minlog-1.3.0.jar;C:\Users\nedimd\.m2\repository\org\springframework\integration\spring-integration-tuple\1.0.0.RELEASE\spring-integration-tuple-1.0.0.RELEASE.jar;C:\Users\nedimd\.m2\repository\org\springframework\retry\spring-retry\1.2.2.RELEASE\spring-retry-1.2.2.RELEASE.jar;C:\Users\nedimd\.m2\repository\org\springframework\cloud\spring-cloud-contract-wiremock\2.0.0.RC2\spring-cloud-contract-wiremock-2.0.0.RC2.jar;C:\Users\nedimd\.m2\repository\com\github\tomakehurst\wiremock-standalone\2.17.0\wiremock-standalone-2.17.0.jar;C:\Users\nedimd\.m2\repository\org\eclipse\aether\aether-api\1.0.2.v20150114\aether-api-1.0.2.v20150114.jar;C:\Users\nedimd\.m2\repository\org\springframework\boot\spring-boot-starter-hateoas\2.0.2.RELEASE\spring-boot-starter-hateoas-2.0.2.RELEASE.jar;C:\Users\nedimd\.m2\repository\org\springframework\hateoas\spring-hateoas\0.24.0.RELEASE\spring-hateoas-0.24.0.RELEASE.jar;C:\Users\nedimd\.m2\repository\org\springframework\plugin\spring-plugin-core\1.2.0.RELEASE\spring-plugin-core-1.2.0.RELEASE.jar;C:\Users\nedimd\.m2\repository\org\springframework\boot\spring-boot-devtools\2.0.2.RELEASE\spring-boot-devtools-2.0.2.RELEASE.jar;C:\Users\nedimd\.m2\repository\org\springframework\boot\spring-boot\2.0.2.RELEASE\spring-boot-2.0.2.RELEASE.jar;C:\Users\nedimd\.m2\repository\org\springframework\boot\spring-boot-autoconfigure\2.0.2.RELEASE\spring-boot-autoconfigure-2.0.2.RELEASE.jar;C:\Users\nedimd\.m2\repository\org\projectlombok\lombok\1.16.20\lombok-1.16.20.jar;C:\Zavrsni\spring-boot-microservice-demo\todo-api\target\todo-api-0.0.1-SNAPSHOT.jar;C:\Users\nedimd\.m2\repository\org\springframework\boot\spring-boot-starter-actuator\2.0.2.RELEASE\spring-boot-starter-actuator-2.0.2.RELEASE.jar;C:\Users\nedimd\.m2\repository\org\springframework\boot\spring-boot-actuator-autoconfigure\2.0.2.RELEASE\spring-boot-actuator-autoconfigure-2.0.2.RELEASE.jar;C:\Users\nedimd\.m2\repository\org\springframework\boot\spring-boot-actuator\2.0.2.RELEASE\spring-boot-actuator-2.0.2.RELEASE.jar;C:\Users\nedimd\.m2\repository\io\micrometer\micrometer-core\1.0.4\micrometer-core-1.0.4.jar;C:\Users\nedimd\.m2\repository\org\latencyutils\LatencyUtils\2.0.3\LatencyUtils-2.0.3.jar;C:\Users\nedimd\.m2\repository\org\springframework\boot\spring-boot-starter-test\2.0.2.RELEASE\spring-boot-starter-test-2.0.2.RELEASE.jar;C:\Users\nedimd\.m2\repository\org\springframework\boot\spring-boot-test\2.0.2.RELEASE\spring-boot-test-2.0.2.RELEASE.jar;C:\Users\nedimd\.m2\repository\org\springframework\boot\spring-boot-test-autoconfigure\2.0.2.RELEASE\spring-boot-test-autoconfigure-2.0.2.RELEASE.jar;C:\Users\nedimd\.m2\repository\com\jayway\jsonpath\json-path\2.4.0\json-path-2.4.0.jar;C:\Users\nedimd\.m2\repository\net\minidev\json-smart\2.3\json-smart-2.3.jar;C:\Users\nedimd\.m2\repository\net\minidev\accessors-smart\1.2\accessors-smart-1.2.jar;C:\Users\nedimd\.m2\repository\junit\junit\4.12\junit-4.12.jar;C:\Users\nedimd\.m2\repository\org\assertj\assertj-core\3.9.1\assertj-core-3.9.1.jar;C:\Users\nedimd\.m2\repository\org\mockito\mockito-core\2.15.0\mockito-core-2.15.0.jar;C:\Users\nedimd\.m2\repository\net\bytebuddy\byte-buddy\1.7.11\byte-buddy-1.7.11.jar;C:\Users\nedimd\.m2\repository\net\bytebuddy\byte-buddy-agent\1.7.11\byte-buddy-agent-1.7.11.jar;C:\Users\nedimd\.m2\repository\org\objenesis\objenesis\2.6\objenesis-2.6.jar;C:\Users\nedimd\.m2\repository\org\hamcrest\hamcrest-core\1.3\hamcrest-core-1.3.jar;C:\Users\nedimd\.m2\repository\org\hamcrest\hamcrest-library\1.3\hamcrest-library-1.3.jar;C:\Users\nedimd\.m2\repository\org\skyscreamer\jsonassert\1.5.0\jsonassert-1.5.0.jar;C:\Users\nedimd\.m2\repository\com\vaadin\external\google\android-json\0.0.20131108.vaadin1\android-json-0.0.20131108.vaadin1.jar;C:\Users\nedimd\.m2\repository\org\springframework\spring-core\5.0.6.RELEASE\spring-core-5.0.6.RELEASE.jar;C:\Users\nedimd\.m2\repository\org\springframework\spring-jcl\5.0.6.RELEASE\spring-jcl-5.0.6.RELEASE.jar;C:\Users\nedimd\.m2\repository\org\springframework\spring-test\5.0.6.RELEASE\spring-test-5.0.6.RELEASE.jar;C:\Users\nedimd\.m2\repository\org\xmlunit\xmlunit-core\2.5.1\xmlunit-core-2.5.1.jar;C:\Users\nedimd\.m2\repository\ch\qos\logback\logback-classic\1.2.3\logback-classic-1.2.3.jar;C:\Users\nedimd\.m2\repository\ch\qos\logback\logback-core\1.2.3\logback-core-1.2.3.jar;C:\Users\nedimd\.m2\repository\org\slf4j\slf4j-api\1.7.25\slf4j-api-1.7.25.jar;C:\Users\nedimd\.m2\repository\ch\qos\logback\contrib\logback-json-classic\0.1.5\logback-json-classic-0.1.5.jar;C:\Users\nedimd\.m2\repository\ch\qos\logback\contrib\logback-json-core\0.1.5\logback-json-core-0.1.5.jar;C:\Users\nedimd\.m2\repository\ch\qos\logback\contrib\logback-jackson\0.1.5\logback-jackson-0.1.5.jar;C:\Users\nedimd\.m2\repository\com\fasterxml\jackson\core\jackson-databind\2.9.3\jackson-databind-2.9.3.jar;C:\Users\nedimd\.m2\repository\com\fasterxml\jackson\core\jackson-annotations\2.9.0\jackson-annotations-2.9.0.jar;C:\Users\nedimd\.m2\repository\com\fasterxml\jackson\core\jackson-core\2.9.3\jackson-core-2.9.3.jar;"/>
    <property name="java.vm.vendor" value="Oracle Corporation"/>
    <property name="sun.arch.data.model" value="64"/>
    <property name="user.variant" value=""/>
    <property name="java.vendor.url" value="http://java.oracle.com/"/>
    <property name="user.timezone" value=""/>
    <property name="java.vm.specification.version" value="1.8"/>
    <property name="os.name" value="Windows 10"/>
    <property name="user.country" value="GB"/>
    <property name="sun.java.launcher" value="SUN_STANDARD"/>
    <property name="sun.boot.library.path" value="C:\Program Files\Java\jdk1.8.0_211\jre\bin"/>
    <property name="sun.java.command" value="C:\Users\nedimd\AppData\Local\Temp\surefire7675290280997586533\surefirebooter4855734375804953636.jar C:\Users\nedimd\AppData\Local\Temp\surefire7675290280997586533 2020-07-09T20-04-32_002-jvmRun1 surefire2647506087947148095tmp surefire_17309021786956377418tmp"/>
    <property name="surefire.test.class.path" value="C:\Zavrsni\spring-boot-microservice-demo\todo-service\target\test-classes;C:\Zavrsni\spring-boot-microservice-demo\todo-service\target\classes;C:\Users\nedimd\.m2\repository\org\springframework\boot\spring-boot-starter-web\2.0.2.RELEASE\spring-boot-starter-web-2.0.2.RELEASE.jar;C:\Users\nedimd\.m2\repository\org\springframework\boot\spring-boot-starter\2.0.2.RELEASE\spring-boot-starter-2.0.2.RELEASE.jar;C:\Users\nedimd\.m2\repository\org\springframework\boot\spring-boot-starter-logging\2.0.2.RELEASE\spring-boot-starter-logging-2.0.2.RELEASE.jar;C:\Users\nedimd\.m2\repository\org\apache\logging\log4j\log4j-to-slf4j\2.10.0\log4j-to-slf4j-2.10.0.jar;C:\Users\nedimd\.m2\repository\org\apache\logging\log4j\log4j-api\2.10.0\log4j-api-2.10.0.jar;C:\Users\nedimd\.m2\repository\org\slf4j\jul-to-slf4j\1.7.25\jul-to-slf4j-1.7.25.jar;C:\Users\nedimd\.m2\repository\javax\annotation\javax.annotation-api\1.3.2\javax.annotation-api-1.3.2.jar;C:\Users\nedimd\.m2\repository\org\yaml\snakeyaml\1.19\snakeyaml-1.19.jar;C:\Users\nedimd\.m2\repository\org\springframework\boot\spring-boot-starter-json\2.0.2.RELEASE\spring-boot-starter-json-2.0.2.RELEASE.jar;C:\Users\nedimd\.m2\repository\com\fasterxml\jackson\datatype\jackson-datatype-jdk8\2.9.3\jackson-datatype-jdk8-2.9.3.jar;C:\Users\nedimd\.m2\repository\com\fasterxml\jackson\datatype\jackson-datatype-jsr310\2.9.3\jackson-datatype-jsr310-2.9.3.jar;C:\Users\nedimd\.m2\repository\com\fasterxml\jackson\module\jackson-module-parameter-names\2.9.3\jackson-module-parameter-names-2.9.3.jar;C:\Users\nedimd\.m2\repository\org\springframework\boot\spring-boot-starter-tomcat\2.0.2.RELEASE\spring-boot-starter-tomcat-2.0.2.RELEASE.jar;C:\Users\nedimd\.m2\repository\org\apache\tomcat\embed\tomcat-embed-core\8.5.31\tomcat-embed-core-8.5.31.jar;C:\Users\nedimd\.m2\repository\org\apache\tomcat\embed\tomcat-embed-el\8.5.31\tomcat-embed-el-8.5.31.jar;C:\Users\nedimd\.m2\repository\org\apache\tomcat\embed\tomcat-embed-websocket\8.5.31\tomcat-embed-websocket-8.5.31.jar;C:\Users\nedimd\.m2\repository\org\hibernate\validator\hibernate-validator\6.0.9.Final\hibernate-validator-6.0.9.Final.jar;C:\Users\nedimd\.m2\repository\javax\validation\validation-api\2.0.1.Final\validation-api-2.0.1.Final.jar;C:\Users\nedimd\.m2\repository\org\jboss\logging\jboss-logging\3.3.2.Final\jboss-logging-3.3.2.Final.jar;C:\Users\nedimd\.m2\repository\com\fasterxml\classmate\1.3.4\classmate-1.3.4.jar;C:\Users\nedimd\.m2\repository\org\springframework\spring-web\5.0.6.RELEASE\spring-web-5.0.6.RELEASE.jar;C:\Users\nedimd\.m2\repository\org\springframework\spring-beans\5.0.6.RELEASE\spring-beans-5.0.6.RELEASE.jar;C:\Users\nedimd\.m2\repository\org\springframework\spring-webmvc\5.0.6.RELEASE\spring-webmvc-5.0.6.RELEASE.jar;C:\Users\nedimd\.m2\repository\org\springframework\spring-aop\5.0.6.RELEASE\spring-aop-5.0.6.RELEASE.jar;C:\Users\nedimd\.m2\repository\org\springframework\spring-context\5.0.6.RELEASE\spring-context-5.0.6.RELEASE.jar;C:\Users\nedimd\.m2\repository\org\springframework\spring-expression\5.0.6.RELEASE\spring-expression-5.0.6.RELEASE.jar;C:\Users\nedimd\.m2\repository\org\springframework\cloud\spring-cloud-starter-netflix-eureka-client\2.0.0.RC2\spring-cloud-starter-netflix-eureka-client-2.0.0.RC2.jar;C:\Users\nedimd\.m2\repository\org\springframework\cloud\spring-cloud-starter\2.0.0.RC2\spring-cloud-starter-2.0.0.RC2.jar;C:\Users\nedimd\.m2\repository\org\springframework\cloud\spring-cloud-context\2.0.0.RC2\spring-cloud-context-2.0.0.RC2.jar;C:\Users\nedimd\.m2\repository\org\springframework\security\spring-security-rsa\1.0.5.RELEASE\spring-security-rsa-1.0.5.RELEASE.jar;C:\Users\nedimd\.m2\repository\org\bouncycastle\bcpkix-jdk15on\1.56\bcpkix-jdk15on-1.56.jar;C:\Users\nedimd\.m2\repository\org\bouncycastle\bcprov-jdk15on\1.56\bcprov-jdk15on-1.56.jar;C:\Users\nedimd\.m2\repository\org\springframework\cloud\spring-cloud-netflix-core\2.0.0.RC2\spring-cloud-netflix-core-2.0.0.RC2.jar;C:\Users\nedimd\.m2\repository\org\springframework\cloud\spring-cloud-netflix-eureka-client\2.0.0.RC2\spring-cloud-netflix-eureka-client-2.0.0.RC2.jar;C:\Users\nedimd\.m2\repository\com\netflix\eureka\eureka-client\1.9.0\eureka-client-1.9.0.jar;C:\Users\nedimd\.m2\repository\org\codehaus\jettison\jettison\1.3.7\jettison-1.3.7.jar;C:\Users\nedimd\.m2\repository\stax\stax-api\1.0.1\stax-api-1.0.1.jar;C:\Users\nedimd\.m2\repository\com\netflix\netflix-commons\netflix-eventbus\0.3.0\netflix-eventbus-0.3.0.jar;C:\Users\nedimd\.m2\repository\com\netflix\netflix-commons\netflix-infix\0.3.0\netflix-infix-0.3.0.jar;C:\Users\nedimd\.m2\repository\commons-jxpath\commons-jxpath\1.3\commons-jxpath-1.3.jar;C:\Users\nedimd\.m2\repository\joda-time\joda-time\2.9.9\joda-time-2.9.9.jar;C:\Users\nedimd\.m2\repository\org\antlr\antlr-runtime\3.4\antlr-runtime-3.4.jar;C:\Users\nedimd\.m2\repository\org\antlr\stringtemplate\3.2.1\stringtemplate-3.2.1.jar;C:\Users\nedimd\.m2\repository\antlr\antlr\2.7.7\antlr-2.7.7.jar;C:\Users\nedimd\.m2\repository\com\google\code\gson\gson\2.8.4\gson-2.8.4.jar;C:\Users\nedimd\.m2\repository\org\apache\commons\commons-math\2.2\commons-math-2.2.jar;C:\Users\nedimd\.m2\repository\com\netflix\archaius\archaius-core\0.7.6\archaius-core-0.7.6.jar;C:\Users\nedimd\.m2\repository\javax\ws\rs\jsr311-api\1.1.1\jsr311-api-1.1.1.jar;C:\Users\nedimd\.m2\repository\com\netflix\servo\servo-core\0.12.21\servo-core-0.12.21.jar;C:\Users\nedimd\.m2\repository\com\sun\jersey\jersey-core\1.19.1\jersey-core-1.19.1.jar;C:\Users\nedimd\.m2\repository\com\sun\jersey\jersey-client\1.19.1\jersey-client-1.19.1.jar;C:\Users\nedimd\.m2\repository\com\sun\jersey\contribs\jersey-apache-client4\1.19.1\jersey-apache-client4-1.19.1.jar;C:\Users\nedimd\.m2\repository\org\apache\httpcomponents\httpclient\4.5.5\httpclient-4.5.5.jar;C:\Users\nedimd\.m2\repository\org\apache\httpcomponents\httpcore\4.4.9\httpcore-4.4.9.jar;C:\Users\nedimd\.m2\repository\commons-codec\commons-codec\1.11\commons-codec-1.11.jar;C:\Users\nedimd\.m2\repository\com\google\inject\guice\4.1.0\guice-4.1.0.jar;C:\Users\nedimd\.m2\repository\javax\inject\javax.inject\1\javax.inject-1.jar;C:\Users\nedimd\.m2\repository\aopalliance\aopalliance\1.0\aopalliance-1.0.jar;C:\Users\nedimd\.m2\repository\com\github\vlsi\compactmap\compactmap\1.2.1\compactmap-1.2.1.jar;C:\Users\nedimd\.m2\repository\com\github\andrewoma\dexx\dexx-collections\0.2\dexx-collections-0.2.jar;C:\Users\nedimd\.m2\repository\com\netflix\eureka\eureka-core\1.9.0\eureka-core-1.9.0.jar;C:\Users\nedimd\.m2\repository\org\codehaus\woodstox\woodstox-core-asl\4.4.1\woodstox-core-asl-4.4.1.jar;C:\Users\nedimd\.m2\repository\javax\xml\stream\stax-api\1.0-2\stax-api-1.0-2.jar;C:\Users\nedimd\.m2\repository\org\codehaus\woodstox\stax2-api\3.1.4\stax2-api-3.1.4.jar;C:\Users\nedimd\.m2\repository\org\springframework\cloud\spring-cloud-starter-netflix-archaius\2.0.0.RC2\spring-cloud-starter-netflix-archaius-2.0.0.RC2.jar;C:\Users\nedimd\.m2\repository\org\springframework\cloud\spring-cloud-netflix-archaius\2.0.0.RC2\spring-cloud-netflix-archaius-2.0.0.RC2.jar;C:\Users\nedimd\.m2\repository\commons-configuration\commons-configuration\1.8\commons-configuration-1.8.jar;C:\Users\nedimd\.m2\repository\commons-lang\commons-lang\2.6\commons-lang-2.6.jar;C:\Users\nedimd\.m2\repository\org\springframework\cloud\spring-cloud-starter-netflix-ribbon\2.0.0.RC2\spring-cloud-starter-netflix-ribbon-2.0.0.RC2.jar;C:\Users\nedimd\.m2\repository\com\netflix\ribbon\ribbon\2.2.5\ribbon-2.2.5.jar;C:\Users\nedimd\.m2\repository\com\netflix\ribbon\ribbon-transport\2.2.5\ribbon-transport-2.2.5.jar;C:\Users\nedimd\.m2\repository\io\reactivex\rxnetty-contexts\0.4.9\rxnetty-contexts-0.4.9.jar;C:\Users\nedimd\.m2\repository\io\reactivex\rxnetty-servo\0.4.9\rxnetty-servo-0.4.9.jar;C:\Users\nedimd\.m2\repository\io\reactivex\rxnetty\0.4.9\rxnetty-0.4.9.jar;C:\Users\nedimd\.m2\repository\io\netty\netty-codec-http\4.1.24.Final\netty-codec-http-4.1.24.Final.jar;C:\Users\nedimd\.m2\repository\io\netty\netty-codec\4.1.24.Final\netty-codec-4.1.24.Final.jar;C:\Users\nedimd\.m2\repository\io\netty\netty-transport-native-epoll\4.1.24.Final\netty-transport-native-epoll-4.1.24.Final.jar;C:\Users\nedimd\.m2\repository\io\netty\netty-common\4.1.24.Final\netty-common-4.1.24.Final.jar;C:\Users\nedimd\.m2\repository\io\netty\netty-buffer\4.1.24.Final\netty-buffer-4.1.24.Final.jar;C:\Users\nedimd\.m2\repository\io\netty\netty-transport-native-unix-common\4.1.24.Final\netty-transport-native-unix-common-4.1.24.Final.jar;C:\Users\nedimd\.m2\repository\io\netty\netty-transport\4.1.24.Final\netty-transport-4.1.24.Final.jar;C:\Users\nedimd\.m2\repository\io\netty\netty-resolver\4.1.24.Final\netty-resolver-4.1.24.Final.jar;C:\Users\nedimd\.m2\repository\com\netflix\ribbon\ribbon-core\2.2.5\ribbon-core-2.2.5.jar;C:\Users\nedimd\.m2\repository\com\netflix\ribbon\ribbon-httpclient\2.2.5\ribbon-httpclient-2.2.5.jar;C:\Users\nedimd\.m2\repository\commons-collections\commons-collections\3.2.2\commons-collections-3.2.2.jar;C:\Users\nedimd\.m2\repository\com\netflix\netflix-commons\netflix-commons-util\0.3.0\netflix-commons-util-0.3.0.jar;C:\Users\nedimd\.m2\repository\com\netflix\ribbon\ribbon-loadbalancer\2.2.5\ribbon-loadbalancer-2.2.5.jar;C:\Users\nedimd\.m2\repository\com\netflix\netflix-commons\netflix-statistics\0.1.1\netflix-statistics-0.1.1.jar;C:\Users\nedimd\.m2\repository\io\reactivex\rxjava\1.3.8\rxjava-1.3.8.jar;C:\Users\nedimd\.m2\repository\com\netflix\ribbon\ribbon-eureka\2.2.5\ribbon-eureka-2.2.5.jar;C:\Users\nedimd\.m2\repository\com\thoughtworks\xstream\xstream\1.4.10\xstream-1.4.10.jar;C:\Users\nedimd\.m2\repository\xmlpull\xmlpull\1.1.3.1\xmlpull-1.1.3.1.jar;C:\Users\nedimd\.m2\repository\xpp3\xpp3_min\1.1.4c\xpp3_min-1.1.4c.jar;C:\Users\nedimd\.m2\repository\org\springframework\cloud\spring-cloud-starter-openfeign\2.0.0.RC2\spring-cloud-starter-openfeign-2.0.0.RC2.jar;C:\Users\nedimd\.m2\repository\org\springframework\cloud\spring-cloud-openfeign-core\2.0.0.RC2\spring-cloud-openfeign-core-2.0.0.RC2.jar;C:\Users\nedimd\.m2\repository\org\springframework\cloud\spring-cloud-commons\2.0.0.RC2\spring-cloud-commons-2.0.0.RC2.jar;C:\Users\nedimd\.m2\repository\org\springframework\security\spring-security-crypto\5.0.5.RELEASE\spring-security-crypto-5.0.5.RELEASE.jar;C:\Users\nedimd\.m2\repository\io\github\openfeign\feign-core\9.5.1\feign-core-9.5.1.jar;C:\Users\nedimd\.m2\repository\io\github\openfeign\feign-slf4j\9.5.1\feign-slf4j-9.5.1.jar;C:\Users\nedimd\.m2\repository\io\github\openfeign\feign-hystrix\9.5.1\feign-hystrix-9.5.1.jar;C:\Users\nedimd\.m2\repository\io\github\openfeign\feign-java8\9.5.1\feign-java8-9.5.1.jar;C:\Users\nedimd\.m2\repository\org\springframework\cloud\spring-cloud-starter-netflix-hystrix\2.0.0.RC2\spring-cloud-starter-netflix-hystrix-2.0.0.RC2.jar;C:\Users\nedimd\.m2\repository\org\springframework\cloud\spring-cloud-netflix-ribbon\2.0.0.RC2\spring-cloud-netflix-ribbon-2.0.0.RC2.jar;C:\Users\nedimd\.m2\repository\com\netflix\hystrix\hystrix-core\1.5.12\hystrix-core-1.5.12.jar;C:\Users\nedimd\.m2\repository\org\hdrhistogram\HdrHistogram\2.1.9\HdrHistogram-2.1.9.jar;C:\Users\nedimd\.m2\repository\com\netflix\hystrix\hystrix-serialization\1.5.12\hystrix-serialization-1.5.12.jar;C:\Users\nedimd\.m2\repository\com\fasterxml\jackson\module\jackson-module-afterburner\2.9.3\jackson-module-afterburner-2.9.3.jar;C:\Users\nedimd\.m2\repository\com\netflix\hystrix\hystrix-metrics-event-stream\1.5.12\hystrix-metrics-event-stream-1.5.12.jar;C:\Users\nedimd\.m2\repository\com\netflix\hystrix\hystrix-javanica\1.5.12\hystrix-javanica-1.5.12.jar;C:\Users\nedimd\.m2\repository\org\apache\commons\commons-lang3\3.7\commons-lang3-3.7.jar;C:\Users\nedimd\.m2\repository\org\ow2\asm\asm\5.0.4\asm-5.0.4.jar;C:\Users\nedimd\.m2\repository\org\aspectj\aspectjweaver\1.8.13\aspectjweaver-1.8.13.jar;C:\Users\nedimd\.m2\repository\com\google\guava\guava\15.0\guava-15.0.jar;C:\Users\nedimd\.m2\repository\io\reactivex\rxjava-reactive-streams\1.2.1\rxjava-reactive-streams-1.2.1.jar;C:\Users\nedimd\.m2\repository\org\reactivestreams\reactive-streams\1.0.2\reactive-streams-1.0.2.jar;C:\Users\nedimd\.m2\repository\org\springframework\cloud\spring-cloud-starter-sleuth\2.0.0.RC2\spring-cloud-starter-sleuth-2.0.0.RC2.jar;C:\Users\nedimd\.m2\repository\org\springframework\boot\spring-boot-starter-aop\2.0.2.RELEASE\spring-boot-starter-aop-2.0.2.RELEASE.jar;C:\Users\nedimd\.m2\repository\org\springframework\cloud\spring-cloud-sleuth-core\2.0.0.RC2\spring-cloud-sleuth-core-2.0.0.RC2.jar;C:\Users\nedimd\.m2\repository\org\aspectj\aspectjrt\1.8.13\aspectjrt-1.8.13.jar;C:\Users\nedimd\.m2\repository\io\zipkin\brave\brave\5.0.0\brave-5.0.0.jar;C:\Users\nedimd\.m2\repository\io\zipkin\zipkin2\zipkin\2.8.4\zipkin-2.8.4.jar;C:\Users\nedimd\.m2\repository\io\zipkin\reporter2\zipkin-reporter\2.6.1\zipkin-reporter-2.6.1.jar;C:\Users\nedimd\.m2\repository\io\zipkin\brave\brave-context-log4j2\5.0.0\brave-context-log4j2-5.0.0.jar;C:\Users\nedimd\.m2\repository\io\zipkin\brave\brave-instrumentation-spring-web\5.0.0\brave-instrumentation-spring-web-5.0.0.jar;C:\Users\nedimd\.m2\repository\io\zipkin\brave\brave-instrumentation-http\5.0.0\brave-instrumentation-http-5.0.0.jar;C:\Users\nedimd\.m2\repository\io\zipkin\brave\brave-instrumentation-spring-rabbit\5.0.0\brave-instrumentation-spring-rabbit-5.0.0.jar;C:\Users\nedimd\.m2\repository\io\zipkin\brave\brave-instrumentation-kafka-clients\5.0.0\brave-instrumentation-kafka-clients-5.0.0.jar;C:\Users\nedimd\.m2\repository\io\zipkin\brave\brave-instrumentation-httpclient\5.0.0\brave-instrumentation-httpclient-5.0.0.jar;C:\Users\nedimd\.m2\repository\io\zipkin\brave\brave-instrumentation-httpasyncclient\5.0.0\brave-instrumentation-httpasyncclient-5.0.0.jar;C:\Users\nedimd\.m2\repository\io\zipkin\brave\brave-instrumentation-spring-webmvc\5.0.0\brave-instrumentation-spring-webmvc-5.0.0.jar;C:\Users\nedimd\.m2\repository\io\zipkin\brave\brave-instrumentation-servlet\5.0.0\brave-instrumentation-servlet-5.0.0.jar;C:\Users\nedimd\.m2\repository\org\springframework\cloud\spring-cloud-starter-netflix-hystrix-dashboard\2.0.0.RC2\spring-cloud-starter-netflix-hystrix-dashboard-2.0.0.RC2.jar;C:\Users\nedimd\.m2\repository\org\springframework\cloud\spring-cloud-netflix-hystrix-dashboard\2.0.0.RC2\spring-cloud-netflix-hystrix-dashboard-2.0.0.RC2.jar;C:\Users\nedimd\.m2\repository\org\springframework\boot\spring-boot-starter-freemarker\2.0.2.RELEASE\spring-boot-starter-freemarker-2.0.2.RELEASE.jar;C:\Users\nedimd\.m2\repository\org\freemarker\freemarker\2.3.28\freemarker-2.3.28.jar;C:\Users\nedimd\.m2\repository\org\springframework\spring-context-support\5.0.6.RELEASE\spring-context-support-5.0.6.RELEASE.jar;C:\Users\nedimd\.m2\repository\org\webjars\jquery\2.1.1\jquery-2.1.1.jar;C:\Users\nedimd\.m2\repository\org\webjars\d3js\3.4.11\d3js-3.4.11.jar;C:\Users\nedimd\.m2\repository\org\springframework\cloud\spring-cloud-starter-contract-stub-runner\2.0.0.RC2\spring-cloud-starter-contract-stub-runner-2.0.0.RC2.jar;C:\Users\nedimd\.m2\repository\org\springframework\cloud\spring-cloud-contract-stub-runner\2.0.0.RC2\spring-cloud-contract-stub-runner-2.0.0.RC2.jar;C:\Users\nedimd\.m2\repository\org\springframework\cloud\spring-cloud-contract-verifier\2.0.0.RC2\spring-cloud-contract-verifier-2.0.0.RC2.jar;C:\Users\nedimd\.m2\repository\com\toomuchcoding\jsonassert\jsonassert\0.4.12\jsonassert-0.4.12.jar;C:\Users\nedimd\.m2\repository\org\codehaus\groovy\groovy\2.4.15\groovy-2.4.15.jar;C:\Users\nedimd\.m2\repository\org\codehaus\groovy\groovy-nio\2.4.15\groovy-nio-2.4.15.jar;C:\Users\nedimd\.m2\repository\org\codehaus\groovy\groovy-json\2.4.15\groovy-json-2.4.15.jar;C:\Users\nedimd\.m2\repository\org\codehaus\groovy\groovy-xml\2.4.15\groovy-xml-2.4.15.jar;C:\Users\nedimd\.m2\repository\com\github\jknack\handlebars\4.0.6\handlebars-4.0.6.jar;C:\Users\nedimd\.m2\repository\org\antlr\antlr4-runtime\4.5.1-1\antlr4-runtime-4.5.1-1.jar;C:\Users\nedimd\.m2\repository\org\mozilla\rhino\1.7R4\rhino-1.7R4.jar;C:\Users\nedimd\.m2\repository\commons-beanutils\commons-beanutils\1.9.3\commons-beanutils-1.9.3.jar;C:\Users\nedimd\.m2\repository\commons-logging\commons-logging\1.2\commons-logging-1.2.jar;C:\Users\nedimd\.m2\repository\org\springframework\cloud\spring-cloud-contract-shade\2.0.0.RC2\spring-cloud-contract-shade-2.0.0.RC2.jar;C:\Users\nedimd\.m2\repository\org\springframework\cloud\spring-cloud-contract-spec\2.0.0.RC2\spring-cloud-contract-spec-2.0.0.RC2.jar;C:\Users\nedimd\.m2\repository\dk\brics\automaton\automaton\1.11-8\automaton-1.11-8.jar;C:\Users\nedimd\.m2\repository\org\apache\commons\commons-text\1.1\commons-text-1.1.jar;C:\Users\nedimd\.m2\repository\org\eclipse\jgit\org.eclipse.jgit\4.11.0.201803080745-r\org.eclipse.jgit-4.11.0.201803080745-r.jar;C:\Users\nedimd\.m2\repository\com\jcraft\jsch\0.1.54\jsch-0.1.54.jar;C:\Users\nedimd\.m2\repository\com\jcraft\jzlib\1.1.1\jzlib-1.1.1.jar;C:\Users\nedimd\.m2\repository\com\googlecode\javaewah\JavaEWAH\1.1.6\JavaEWAH-1.1.6.jar;C:\Users\nedimd\.m2\repository\com\jcraft\jsch.agentproxy.sshagent\0.0.9\jsch.agentproxy.sshagent-0.0.9.jar;C:\Users\nedimd\.m2\repository\com\jcraft\jsch.agentproxy.core\0.0.9\jsch.agentproxy.core-0.0.9.jar;C:\Users\nedimd\.m2\repository\com\jcraft\jsch.agentproxy.jsch\0.0.9\jsch.agentproxy.jsch-0.0.9.jar;C:\Users\nedimd\.m2\repository\com\jcraft\jsch.agentproxy.usocket-jna\0.0.9\jsch.agentproxy.usocket-jna-0.0.9.jar;C:\Users\nedimd\.m2\repository\net\java\dev\jna\jna\4.5.1\jna-4.5.1.jar;C:\Users\nedimd\.m2\repository\net\java\dev\jna\jna-platform\4.5.1\jna-platform-4.5.1.jar;C:\Users\nedimd\.m2\repository\org\springframework\cloud\spring-cloud-stream-test-support\2.0.0.RELEASE\spring-cloud-stream-test-support-2.0.0.RELEASE.jar;C:\Users\nedimd\.m2\repository\org\springframework\cloud\spring-cloud-stream\2.0.0.RELEASE\spring-cloud-stream-2.0.0.RELEASE.jar;C:\Users\nedimd\.m2\repository\org\springframework\boot\spring-boot-starter-validation\2.0.2.RELEASE\spring-boot-starter-validation-2.0.2.RELEASE.jar;C:\Users\nedimd\.m2\repository\org\springframework\spring-messaging\5.0.6.RELEASE\spring-messaging-5.0.6.RELEASE.jar;C:\Users\nedimd\.m2\repository\org\springframework\integration\spring-integration-core\5.0.5.RELEASE\spring-integration-core-5.0.5.RELEASE.jar;C:\Users\nedimd\.m2\repository\org\springframework\spring-tx\5.0.6.RELEASE\spring-tx-5.0.6.RELEASE.jar;C:\Users\nedimd\.m2\repository\io\projectreactor\reactor-core\3.1.7.RELEASE\reactor-core-3.1.7.RELEASE.jar;C:\Users\nedimd\.m2\repository\org\springframework\integration\spring-integration-jmx\5.0.5.RELEASE\spring-integration-jmx-5.0.5.RELEASE.jar;C:\Users\nedimd\.m2\repository\org\springframework\spring-tuple\1.0.0.RELEASE\spring-tuple-1.0.0.RELEASE.jar;C:\Users\nedimd\.m2\repository\com\esotericsoftware\kryo-shaded\3.0.3\kryo-shaded-3.0.3.jar;C:\Users\nedimd\.m2\repository\com\esotericsoftware\minlog\1.3.0\minlog-1.3.0.jar;C:\Users\nedimd\.m2\repository\org\springframework\integration\spring-integration-tuple\1.0.0.RELEASE\spring-integration-tuple-1.0.0.RELEASE.jar;C:\Users\nedimd\.m2\repository\org\springframework\retry\spring-retry\1.2.2.RELEASE\spring-retry-1.2.2.RELEASE.jar;C:\Users\nedimd\.m2\repository\org\springframework\cloud\spring-cloud-contract-wiremock\2.0.0.RC2\spring-cloud-contract-wiremock-2.0.0.RC2.jar;C:\Users\nedimd\.m2\repository\com\github\tomakehurst\wiremock-standalone\2.17.0\wiremock-standalone-2.17.0.jar;C:\Users\nedimd\.m2\repository\org\eclipse\aether\aether-api\1.0.2.v20150114\aether-api-1.0.2.v20150114.jar;C:\Users\nedimd\.m2\repository\org\springframework\boot\spring-boot-starter-hateoas\2.0.2.RELEASE\spring-boot-starter-hateoas-2.0.2.RELEASE.jar;C:\Users\nedimd\.m2\repository\org\springframework\hateoas\spring-hateoas\0.24.0.RELEASE\spring-hateoas-0.24.0.RELEASE.jar;C:\Users\nedimd\.m2\repository\org\springframework\plugin\spring-plugin-core\1.2.0.RELEASE\spring-plugin-core-1.2.0.RELEASE.jar;C:\Users\nedimd\.m2\repository\org\springframework\boot\spring-boot-devtools\2.0.2.RELEASE\spring-boot-devtools-2.0.2.RELEASE.jar;C:\Users\nedimd\.m2\repository\org\springframework\boot\spring-boot\2.0.2.RELEASE\spring-boot-2.0.2.RELEASE.jar;C:\Users\nedimd\.m2\repository\org\springframework\boot\spring-boot-autoconfigure\2.0.2.RELEASE\spring-boot-autoconfigure-2.0.2.RELEASE.jar;C:\Users\nedimd\.m2\repository\org\projectlombok\lombok\1.16.20\lombok-1.16.20.jar;C:\Zavrsni\spring-boot-microservice-demo\todo-api\target\todo-api-0.0.1-SNAPSHOT.jar;C:\Users\nedimd\.m2\repository\org\springframework\boot\spring-boot-starter-actuator\2.0.2.RELEASE\spring-boot-starter-actuator-2.0.2.RELEASE.jar;C:\Users\nedimd\.m2\repository\org\springframework\boot\spring-boot-actuator-autoconfigure\2.0.2.RELEASE\spring-boot-actuator-autoconfigure-2.0.2.RELEASE.jar;C:\Users\nedimd\.m2\repository\org\springframework\boot\spring-boot-actuator\2.0.2.RELEASE\spring-boot-actuator-2.0.2.RELEASE.jar;C:\Users\nedimd\.m2\repository\io\micrometer\micrometer-core\1.0.4\micrometer-core-1.0.4.jar;C:\Users\nedimd\.m2\repository\org\latencyutils\LatencyUtils\2.0.3\LatencyUtils-2.0.3.jar;C:\Users\nedimd\.m2\repository\org\springframework\boot\spring-boot-starter-test\2.0.2.RELEASE\spring-boot-starter-test-2.0.2.RELEASE.jar;C:\Users\nedimd\.m2\repository\org\springframework\boot\spring-boot-test\2.0.2.RELEASE\spring-boot-test-2.0.2.RELEASE.jar;C:\Users\nedimd\.m2\repository\org\springframework\boot\spring-boot-test-autoconfigure\2.0.2.RELEASE\spring-boot-test-autoconfigure-2.0.2.RELEASE.jar;C:\Users\nedimd\.m2\repository\com\jayway\jsonpath\json-path\2.4.0\json-path-2.4.0.jar;C:\Users\nedimd\.m2\repository\net\minidev\json-smart\2.3\json-smart-2.3.jar;C:\Users\nedimd\.m2\repository\net\minidev\accessors-smart\1.2\accessors-smart-1.2.jar;C:\Users\nedimd\.m2\repository\junit\junit\4.12\junit-4.12.jar;C:\Users\nedimd\.m2\repository\org\assertj\assertj-core\3.9.1\assertj-core-3.9.1.jar;C:\Users\nedimd\.m2\repository\org\mockito\mockito-core\2.15.0\mockito-core-2.15.0.jar;C:\Users\nedimd\.m2\repository\net\bytebuddy\byte-buddy\1.7.11\byte-buddy-1.7.11.jar;C:\Users\nedimd\.m2\repository\net\bytebuddy\byte-buddy-agent\1.7.11\byte-buddy-agent-1.7.11.jar;C:\Users\nedimd\.m2\repository\org\objenesis\objenesis\2.6\objenesis-2.6.jar;C:\Users\nedimd\.m2\repository\org\hamcrest\hamcrest-core\1.3\hamcrest-core-1.3.jar;C:\Users\nedimd\.m2\repository\org\hamcrest\hamcrest-library\1.3\hamcrest-library-1.3.jar;C:\Users\nedimd\.m2\repository\org\skyscreamer\jsonassert\1.5.0\jsonassert-1.5.0.jar;C:\Users\nedimd\.m2\repository\com\vaadin\external\google\android-json\0.0.20131108.vaadin1\android-json-0.0.20131108.vaadin1.jar;C:\Users\nedimd\.m2\repository\org\springframework\spring-core\5.0.6.RELEASE\spring-core-5.0.6.RELEASE.jar;C:\Users\nedimd\.m2\repository\org\springframework\spring-jcl\5.0.6.RELEASE\spring-jcl-5.0.6.RELEASE.jar;C:\Users\nedimd\.m2\repository\org\springframework\spring-test\5.0.6.RELEASE\spring-test-5.0.6.RELEASE.jar;C:\Users\nedimd\.m2\repository\org\xmlunit\xmlunit-core\2.5.1\xmlunit-core-2.5.1.jar;C:\Users\nedimd\.m2\repository\ch\qos\logback\logback-classic\1.2.3\logback-classic-1.2.3.jar;C:\Users\nedimd\.m2\repository\ch\qos\logback\logback-core\1.2.3\logback-core-1.2.3.jar;C:\Users\nedimd\.m2\repository\org\slf4j\slf4j-api\1.7.25\slf4j-api-1.7.25.jar;C:\Users\nedimd\.m2\repository\ch\qos\logback\contrib\logback-json-classic\0.1.5\logback-json-classic-0.1.5.jar;C:\Users\nedimd\.m2\repository\ch\qos\logback\contrib\logback-json-core\0.1.5\logback-json-core-0.1.5.jar;C:\Users\nedimd\.m2\repository\ch\qos\logback\contrib\logback-jackson\0.1.5\logback-jackson-0.1.5.jar;C:\Users\nedimd\.m2\repository\com\fasterxml\jackson\core\jackson-databind\2.9.3\jackson-databind-2.9.3.jar;C:\Users\nedimd\.m2\repository\com\fasterxml\jackson\core\jackson-annotations\2.9.0\jackson-annotations-2.9.0.jar;C:\Users\nedimd\.m2\repository\com\fasterxml\jackson\core\jackson-core\2.9.3\jackson-core-2.9.3.jar;"/>
    <property name="sun.cpu.endian" value="little"/>
    <property name="user.home" value="C:\Users\nedimd"/>
    <property name="user.language" value="en"/>
    <property name="java.specification.vendor" value="Oracle Corporation"/>
    <property name="java.home" value="C:\Program Files\Java\jdk1.8.0_211\jre"/>
    <property name="basedir" value="C:\Zavrsni\spring-boot-microservice-demo\todo-service"/>
    <property name="file.separator" value="\"/>
    <property name="line.separator" value="&#10;"/>
    <property name="java.vm.specification.vendor" value="Oracle Corporation"/>
    <property name="java.specification.name" value="Java Platform API Specification"/>
    <property name="java.awt.graphicsenv" value="sun.awt.Win32GraphicsEnvironment"/>
    <property name="surefire.real.class.path" value="C:\Users\nedimd\AppData\Local\Temp\surefire7675290280997586533\surefirebooter4855734375804953636.jar"/>
    <property name="sun.boot.class.path" value="C:\Program Files\Java\jdk1.8.0_211\jre\lib\resources.jar;C:\Program Files\Java\jdk1.8.0_211\jre\lib\rt.jar;C:\Program Files\Java\jdk1.8.0_211\jre\lib\sunrsasign.jar;C:\Program Files\Java\jdk1.8.0_211\jre\lib\jsse.jar;C:\Program Files\Java\jdk1.8.0_211\jre\lib\jce.jar;C:\Program Files\Java\jdk1.8.0_211\jre\lib\charsets.jar;C:\Program Files\Java\jdk1.8.0_211\jre\lib\jfr.jar;C:\Program Files\Java\jdk1.8.0_211\jre\classes"/>
    <property name="user.script" value=""/>
    <property name="sun.management.compiler" value="HotSpot 64-Bit Tiered Compilers"/>
    <property name="java.runtime.version" value="1.8.0_211-b12"/>
    <property name="user.name" value="nedimd"/>
    <property name="path.separator" value=";"/>
    <property name="os.version" value="10.0"/>
    <property name="java.endorsed.dirs" value="C:\Program Files\Java\jdk1.8.0_211\jre\lib\endorsed"/>
    <property name="java.runtime.name" value="Java(TM) SE Runtime Environment"/>
    <property name="file.encoding" value="Cp1252"/>
    <property name="java.vm.name" value="Java HotSpot(TM) 64-Bit Server VM"/>
    <property name="localRepository" value="C:\Users\nedimd\.m2\repository"/>
    <property name="java.vendor.url.bug" value="http://bugreport.sun.com/bugreport/"/>
    <property name="java.io.tmpdir" value="C:\Users\nedimd\AppData\Local\Temp\"/>
    <property name="java.version" value="1.8.0_211"/>
    <property name="user.dir" value="C:\Zavrsni\spring-boot-microservice-demo\todo-service"/>
    <property name="os.arch" value="amd64"/>
    <property name="java.vm.specification.name" value="Java Virtual Machine Specification"/>
    <property name="java.awt.printerjob" value="sun.awt.windows.WPrinterJob"/>
    <property name="sun.os.patch.level" value=""/>
    <property name="java.library.path" value="C:\Program Files\Java\jdk1.8.0_211\jre\bin;C:\WINDOWS\Sun\Java\bin;C:\WINDOWS\system32;C:\WINDOWS;C:\ProgramData\DockerDesktop\version-bin;C:\Program Files\Docker\Docker\Resources\bin;C:\Program Files (x86)\Common Files\Oracle\Java\javapath;C:\Python27\;C:\Python27\Scripts;C:\Program Files (x86)\HP\NV\lib\shunra\vcat;C:\WINDOWS\system32;C:\WINDOWS;C:\WINDOWS\System32\Wbem;C:\WINDOWS\System32\WindowsPowerShell\v1.0\;C:\WINDOWS\System32\OpenSSH\;C:\Program Files\Git\cmd;C:\Program Files\TortoiseGit\bin;C:\Program Files\Maven\apache-maven-3.3.9\bin;C:\Program Files\Java\jdk1.8.0_211\bin;C:\strawberry\c\bin;C:\strawberry\perl\bin;C:\Program Files (x86)\HP\Virtual User Generator\strawberry-perl\perl\bin;C:\Program Files (x86)\HP\NV\lib\thirdparty\safenet\LDK\7.0;C:\Program Files\PuTTY\;C:\Program Files\nodejs\;C:\ProgramData\chocolatey\bin;C:\Program Files (x86)\Intel\Intel(R) Management Engine Components\DAL;C:\Program Files\Intel\Intel(R) Management Engine Components\DAL;C:\Program Files\Intel\WiFi\bin\;C:\Program Files\Common Files\Intel\WirelessCommon\;C:\Program Files\dotnet\;C:\Program Files\Microsoft SQL Server\130\Tools\Binn\;C:\Program Files\Microsoft SQL Server\Client SDK\ODBC\170\Tools\Binn\;C:\Program Files (x86)\Microsoft SQL Server\150\Tools\Binn\;C:\Program Files\Microsoft SQL Server\150\Tools\Binn\;C:\Program Files\Microsoft SQL Server\150\DTS\Binn\;C:\Program Files (x86)\Microsoft SQL Server\150\DTS\Binn\;C:\Program Files\MySQL\MySQL Enterprise Backup 8.0\\bin;C:\Program Files\MySQL\MySQL Shell 8.0\bin\;C:\Users\nedimd\AppData\Local\Microsoft\WindowsApps;C:\Program Files\Maven\apache-maven-3.3.9\bin;C:\Users\nedimd\AppData\Roaming\npm;C:\Users\nedimd\AppData\Local\Programs\Microsoft VS Code\bin;C:\Users\nedimd\.dotnet\tools;C:\Users\nedimd\AppData\Local\Programs\MiKTeX 2.9\miktex\bin\x64\;."/>
    <property name="java.vm.info" value="mixed mode"/>
    <property name="java.vendor" value="Oracle Corporation"/>
    <property name="java.vm.version" value="25.211-b12"/>
    <property name="java.ext.dirs" value="C:\Program Files\Java\jdk1.8.0_211\jre\lib\ext;C:\WINDOWS\Sun\Java\lib\ext"/>
    <property name="sun.io.unicode.encoding" value="UnicodeLittle"/>
    <property name="java.class.version" value="52.0"/>
  </properties>
  <testcase name="testFindById" classname="my.demo.springboot.microservice.todo.TodoFeignApplicationTest" time="1.829"/>
  <testcase name="testFindByIdFails" classname="my.demo.springboot.microservice.todo.TodoFeignApplicationTest" time="0.086"/>
</testsuite>